Using pre-set license
Built from '2020.2/staging' branch; Version is '2020.2.6f1 (8a2143876886) revision 9052483'; Using compiler version '192528614'; Build Type 'Release'
OS: 'Windows 10 Pro; OS build 19042.867; Version 2009; 64bit' Language: 'uk' Physical Memory: 16291 MB
BatchMode: 1, IsHumanControllingUs: 0, StartBugReporterOnCrash: 0, Is64bit: 1, IsPro: 0

 COMMAND LINE ARGUMENTS:
C:\Program Files\Unity\Hub\Editor\2020.2.6f1\Editor\Unity.exe
-adb2
-batchMode
-noUpm
-name
AssetImportWorker0
-projectPath
C:/Users/pasha/Desktop/FUGAS_C#_project_tria
-logFile
Logs/AssetImportWorker0.log
-srvPort
59785
Successfully changed project path to: C:/Users/pasha/Desktop/FUGAS_C#_project_tria
C:/Users/pasha/Desktop/FUGAS_C#_project_tria
Using Asset Import Pipeline V2.
Refreshing native plugins compatible for Editor in 33.32 ms, found 1 plugins.
Preloading 0 native plugins for Editor in 0.00 ms.
Initialize engine version: 2020.2.6f1 (8a2143876886)
[Subsystems] Discovering subsystems at path C:/Program Files/Unity/Hub/Editor/2020.2.6f1/Editor/Data/Resources/UnitySubsystems
[Subsystems] Discovering subsystems at path C:/Users/pasha/Desktop/FUGAS_C#_project_tria/Assets
GfxDevice: creating device client; threaded=0
Direct3D:
    Version:  Direct3D 11.0 [level 11.1]
    Renderer: NVIDIA GeForce GTX 1650 (ID=0x1f99)
    Vendor:   
    VRAM:     3962 MB
    Driver:   27.21.14.5256
Initialize mono
Mono path[0] = 'C:/Program Files/Unity/Hub/Editor/2020.2.6f1/Editor/Data/Managed'
Mono path[1] = 'C:/Program Files/Unity/Hub/Editor/2020.2.6f1/Editor/Data/MonoBleedingEdge/lib/mono/unityjit'
Mono config path = 'C:/Program Files/Unity/Hub/Editor/2020.2.6f1/Editor/Data/MonoBleedingEdge/etc'
Using monoOptions --debugger-agent=transport=dt_socket,embedding=1,server=y,suspend=n,address=127.0.0.1:56076
Begin MonoManager ReloadAssembly
Registering precompiled unity dll's ...
Register platform support module: C:/Program Files/Unity/Hub/Editor/2020.2.6f1/Editor/Data/PlaybackEngines/WindowsStandaloneSupport/UnityEditor.WindowsStandalone.Extensions.dll
Registered in 0.003957 seconds.
Native extension for WindowsStandalone target not found
Refreshing native plugins compatible for Editor in 31.50 ms, found 1 plugins.
Preloading 0 native plugins for Editor in 0.00 ms.
Invoked RoslynAnalysisRunner static constructor.
RoslynAnalysisRunner will not be running.
RoslynAnalysisRunner has terminated.
Mono: successfully reloaded assembly
- Completed reload, in  1.477 seconds
Platform modules already initialized, skipping
Registering precompiled user dll's ...
Registered in 0.000966 seconds.
Begin MonoManager ReloadAssembly
Native extension for WindowsStandalone target not found
Refreshing native plugins compatible for Editor in 31.27 ms, found 1 plugins.
Preloading 0 native plugins for Editor in 0.00 ms.
Invoked RoslynAnalysisRunner static constructor.
RoslynAnalysisRunner will not be running.
RoslynAnalysisRunner has terminated.
Mono: successfully reloaded assembly
- Completed reload, in  0.811 seconds
Platform modules already initialized, skipping
========================================================================
Worker process is ready to serve import requests
Launched and connected shader compiler UnityShaderCompiler.exe after 0.04 seconds
Refreshing native plugins compatible for Editor in 0.34 ms, found 1 plugins.
Preloading 0 native plugins for Editor in 0.00 ms.
Unloading 1934 Unused Serialized files (Serialized files now loaded: 0)
System memory in use before: 99.6 MB.
System memory in use after: 99.7 MB.

Unloading 18 unused Assets to reduce memory usage. Loaded Objects now: 2402.
Total: 2.342900 ms (FindLiveObjects: 0.549400 ms CreateObjectMapping: 0.093200 ms MarkObjects: 1.679800 ms  DeleteObjects: 0.019200 ms)

========================================================================
Received Import Request.
  path: Assets/Sound/angelina.mp3
  artifactKey: Guid(099d42aea2b71d1438e6e1ef0a8a5996) Importer(815301076,1909f56bfc062723c751e8b465ee728b)
Start importing Assets/Sound/angelina.mp3 using Guid(099d42aea2b71d1438e6e1ef0a8a5996) Importer(815301076,1909f56bfc062723c751e8b465ee728b)  -> (artifact id: '9b03721938fd9d56896791b244e85133') in 0.074533 seconds
  Import took 0.079834 seconds .

========================================================================
Received Prepare
Refreshing native plugins compatible for Editor in 2.22 ms, found 1 plugins.
Preloading 0 native plugins for Editor in 0.00 ms.
Unloading 5 Unused Serialized files (Serialized files now loaded: 0)
System memory in use before: 62.6 MB.
System memory in use after: 62.7 MB.

Unloading 5 unused Assets to reduce memory usage. Loaded Objects now: 2411.
Total: 2.086700 ms (FindLiveObjects: 0.187300 ms CreateObjectMapping: 0.077200 ms MarkObjects: 1.806500 ms  DeleteObjects: 0.014700 ms)

========================================================================
Received Import Request.
  Time since last request: 402.412932 seconds.
  path: Assets/Sound/angelina 1.mp3
  artifactKey: Guid(15e4244b3a39aed489f5a88a1a47876d) Importer(815301076,1909f56bfc062723c751e8b465ee728b)
Start importing Assets/Sound/angelina 1.mp3 using Guid(15e4244b3a39aed489f5a88a1a47876d) Importer(815301076,1909f56bfc062723c751e8b465ee728b)  -> (artifact id: 'bba2f1bb003021be7025c9652c0b84c3') in 0.012901 seconds
  Import took 0.016443 seconds .

========================================================================
Received Import Request.
  Time since last request: 33.682133 seconds.
  path: Assets/Sound/angelina.mp3
  artifactKey: Guid(15e4244b3a39aed489f5a88a1a47876d) Importer(815301076,1909f56bfc062723c751e8b465ee728b)
Start importing Assets/Sound/angelina.mp3 using Guid(15e4244b3a39aed489f5a88a1a47876d) Importer(815301076,1909f56bfc062723c751e8b465ee728b)  -> (artifact id: '0d8a21c7a430b5b0aab9e24569410f0c') in 0.011247 seconds
  Import took 0.014082 seconds .

========================================================================
Received Import Request.
  Time since last request: 0.000988 seconds.
  path: Assets/Sound/angelina.mp3
  artifactKey: Guid(15e4244b3a39aed489f5a88a1a47876d) Importer(815301076,1909f56bfc062723c751e8b465ee728b)
Start importing Assets/Sound/angelina.mp3 using Guid(15e4244b3a39aed489f5a88a1a47876d) Importer(815301076,1909f56bfc062723c751e8b465ee728b)  -> (artifact id: '0d8a21c7a430b5b0aab9e24569410f0c') in 0.008692 seconds
  Import took 0.011735 seconds .

========================================================================
Received Prepare
Registering precompiled user dll's ...
Registered in 0.001109 seconds.
Begin MonoManager ReloadAssembly
Native extension for WindowsStandalone target not found
Refreshing native plugins compatible for Editor in 0.38 ms, found 1 plugins.
Preloading 0 native plugins for Editor in 0.00 ms.
Invoked RoslynAnalysisRunner static constructor.
RoslynAnalysisRunner will not be running.
RoslynAnalysisRunner has terminated.
Mono: successfully reloaded assembly
- Completed reload, in  2.059 seconds
Platform modules already initialized, skipping
Refreshing native plugins compatible for Editor in 0.37 ms, found 1 plugins.
Preloading 0 native plugins for Editor in 0.00 ms.
Unloading 1894 Unused Serialized files (Serialized files now loaded: 0)
System memory in use before: 100.0 MB.
System memory in use after: 100.1 MB.

Unloading 7 unused Assets to reduce memory usage. Loaded Objects now: 2414.
Total: 1.882200 ms (FindLiveObjects: 0.202100 ms CreateObjectMapping: 0.079700 ms MarkObjects: 1.582300 ms  DeleteObjects: 0.016900 ms)

========================================================================
Received Prepare
Refreshing native plugins compatible for Editor in 2.33 ms, found 1 plugins.
Preloading 0 native plugins for Editor in 0.00 ms.
Unloading 5 Unused Serialized files (Serialized files now loaded: 0)
System memory in use before: 62.7 MB.
System memory in use after: 62.8 MB.

Unloading 5 unused Assets to reduce memory usage. Loaded Objects now: 2414.
Total: 2.258400 ms (FindLiveObjects: 0.212300 ms CreateObjectMapping: 0.092500 ms MarkObjects: 1.935900 ms  DeleteObjects: 0.016300 ms)

AssetImportWorkerClient::OnTransportError - code=2 error=End of file
