Using pre-set license
Built from '2020.2/staging' branch; Version is '2020.2.6f1 (8a2143876886) revision 9052483'; Using compiler version '192528614'; Build Type 'Release'
OS: 'Windows 10 Pro; OS build 19042.867; Version 2009; 64bit' Language: 'uk' Physical Memory: 16291 MB
BatchMode: 1, IsHumanControllingUs: 0, StartBugReporterOnCrash: 0, Is64bit: 1, IsPro: 0

 COMMAND LINE ARGUMENTS:
C:\Program Files\Unity\Hub\Editor\2020.2.6f1\Editor\Unity.exe
-adb2
-batchMode
-noUpm
-name
AssetImportWorker0
-projectPath
C:/Users/pasha/Desktop/git_hub/warhex-test/FUGAS_C#_project_tria
-logFile
Logs/AssetImportWorker0.log
-srvPort
62111
Successfully changed project path to: C:/Users/pasha/Desktop/git_hub/warhex-test/FUGAS_C#_project_tria
C:/Users/pasha/Desktop/git_hub/warhex-test/FUGAS_C#_project_tria
Using Asset Import Pipeline V2.
Refreshing native plugins compatible for Editor in 33.28 ms, found 1 plugins.
Preloading 0 native plugins for Editor in 0.00 ms.
Initialize engine version: 2020.2.6f1 (8a2143876886)
[Subsystems] Discovering subsystems at path C:/Program Files/Unity/Hub/Editor/2020.2.6f1/Editor/Data/Resources/UnitySubsystems
[Subsystems] Discovering subsystems at path C:/Users/pasha/Desktop/git_hub/warhex-test/FUGAS_C#_project_tria/Assets
GfxDevice: creating device client; threaded=0
Direct3D:
    Version:  Direct3D 11.0 [level 11.1]
    Renderer: NVIDIA GeForce GTX 1650 (ID=0x1f99)
    Vendor:   
    VRAM:     3962 MB
    Driver:   27.21.14.5256
Initialize mono
Mono path[0] = 'C:/Program Files/Unity/Hub/Editor/2020.2.6f1/Editor/Data/Managed'
Mono path[1] = 'C:/Program Files/Unity/Hub/Editor/2020.2.6f1/Editor/Data/MonoBleedingEdge/lib/mono/unityjit'
Mono config path = 'C:/Program Files/Unity/Hub/Editor/2020.2.6f1/Editor/Data/MonoBleedingEdge/etc'
Using monoOptions --debugger-agent=transport=dt_socket,embedding=1,server=y,suspend=n,address=127.0.0.1:56528
Begin MonoManager ReloadAssembly
Registering precompiled unity dll's ...
Register platform support module: C:/Program Files/Unity/Hub/Editor/2020.2.6f1/Editor/Data/PlaybackEngines/WindowsStandaloneSupport/UnityEditor.WindowsStandalone.Extensions.dll
Registered in 0.003718 seconds.
Native extension for WindowsStandalone target not found
Refreshing native plugins compatible for Editor in 31.68 ms, found 1 plugins.
Preloading 0 native plugins for Editor in 0.00 ms.
Invoked RoslynAnalysisRunner static constructor.
RoslynAnalysisRunner will not be running.
RoslynAnalysisRunner has terminated.
Mono: successfully reloaded assembly
- Completed reload, in  1.651 seconds
Platform modules already initialized, skipping
Registering precompiled user dll's ...
Registered in 0.001160 seconds.
Begin MonoManager ReloadAssembly
Native extension for WindowsStandalone target not found
Refreshing native plugins compatible for Editor in 31.25 ms, found 1 plugins.
Preloading 0 native plugins for Editor in 0.00 ms.
Invoked RoslynAnalysisRunner static constructor.
RoslynAnalysisRunner will not be running.
RoslynAnalysisRunner has terminated.
Mono: successfully reloaded assembly
- Completed reload, in  0.844 seconds
Platform modules already initialized, skipping
========================================================================
Worker process is ready to serve import requests
Launched and connected shader compiler UnityShaderCompiler.exe after 0.06 seconds
Refreshing native plugins compatible for Editor in 0.32 ms, found 1 plugins.
Preloading 0 native plugins for Editor in 0.00 ms.
Unloading 1937 Unused Serialized files (Serialized files now loaded: 0)
System memory in use before: 99.7 MB.
System memory in use after: 99.8 MB.

Unloading 18 unused Assets to reduce memory usage. Loaded Objects now: 2405.
Total: 1.744500 ms (FindLiveObjects: 0.224800 ms CreateObjectMapping: 0.122000 ms MarkObjects: 1.377400 ms  DeleteObjects: 0.019400 ms)

========================================================================
Received Import Request.
  path: Assets/Prefabs/playerPoint.prefab
  artifactKey: Guid(f000d7a3b6b69a6489331041ce635c65) Importer(815301076,1909f56bfc062723c751e8b465ee728b)
Start importing Assets/Prefabs/playerPoint.prefab using Guid(f000d7a3b6b69a6489331041ce635c65) Importer(815301076,1909f56bfc062723c751e8b465ee728b)  -> (artifact id: 'c8350fd3ea0cd16b4825592446d6c3ca') in 0.083593 seconds
  Import took 0.086205 seconds .

========================================================================
Received Import Request.
  Time since last request: 124.735476 seconds.
  path: Assets/levels.txt
  artifactKey: Guid(4e1c17dd9f9aa144dbb77c9d68a8aea2) Importer(815301076,1909f56bfc062723c751e8b465ee728b)
Start importing Assets/levels.txt using Guid(4e1c17dd9f9aa144dbb77c9d68a8aea2) Importer(815301076,1909f56bfc062723c751e8b465ee728b)  -> (artifact id: '075a7a100690ebe427bad92117e8f0b3') in 0.009433 seconds
  Import took 0.012902 seconds .

========================================================================
Received Import Request.
  Time since last request: 24.115327 seconds.
  path: Assets/Prefabs/playerPoint.prefab
  artifactKey: Guid(f000d7a3b6b69a6489331041ce635c65) Importer(815301076,1909f56bfc062723c751e8b465ee728b)
Start importing Assets/Prefabs/playerPoint.prefab using Guid(f000d7a3b6b69a6489331041ce635c65) Importer(815301076,1909f56bfc062723c751e8b465ee728b)  -> (artifact id: 'fa6a2f0451f93494a2fdaaf12e042d36') in 0.011851 seconds
  Import took 0.014985 seconds .

========================================================================
Received Import Request.
  Time since last request: 0.029937 seconds.
  path: Assets/Prefabs/playerPoint.prefab
  artifactKey: Guid(f000d7a3b6b69a6489331041ce635c65) Importer(815301076,1909f56bfc062723c751e8b465ee728b)
Start importing Assets/Prefabs/playerPoint.prefab using Guid(f000d7a3b6b69a6489331041ce635c65) Importer(815301076,1909f56bfc062723c751e8b465ee728b)  -> (artifact id: 'fa6a2f0451f93494a2fdaaf12e042d36') in 0.014394 seconds
  Import took 0.017615 seconds .

========================================================================
Received Import Request.
  Time since last request: 27.690772 seconds.
  path: Assets/Prefabs/playerPoint.prefab
  artifactKey: Guid(f000d7a3b6b69a6489331041ce635c65) Importer(815301076,1909f56bfc062723c751e8b465ee728b)
Start importing Assets/Prefabs/playerPoint.prefab using Guid(f000d7a3b6b69a6489331041ce635c65) Importer(815301076,1909f56bfc062723c751e8b465ee728b)  -> (artifact id: '30d928ce554be3cbc3b8a076ed0a9d3e') in 0.018558 seconds
  Import took 0.021957 seconds .

========================================================================
Received Import Request.
  Time since last request: 0.025824 seconds.
  path: Assets/Prefabs/playerPoint.prefab
  artifactKey: Guid(f000d7a3b6b69a6489331041ce635c65) Importer(815301076,1909f56bfc062723c751e8b465ee728b)
Start importing Assets/Prefabs/playerPoint.prefab using Guid(f000d7a3b6b69a6489331041ce635c65) Importer(815301076,1909f56bfc062723c751e8b465ee728b)  -> (artifact id: '30d928ce554be3cbc3b8a076ed0a9d3e') in 0.019684 seconds
  Import took 0.022966 seconds .

========================================================================
Received Import Request.
  Time since last request: 10.577674 seconds.
  path: Assets/Prefabs/playerPoint.prefab
  artifactKey: Guid(f000d7a3b6b69a6489331041ce635c65) Importer(815301076,1909f56bfc062723c751e8b465ee728b)
Start importing Assets/Prefabs/playerPoint.prefab using Guid(f000d7a3b6b69a6489331041ce635c65) Importer(815301076,1909f56bfc062723c751e8b465ee728b)  -> (artifact id: 'b0a2c746622606a4994e1e7d0c80fc15') in 0.018959 seconds
  Import took 0.022040 seconds .

========================================================================
Received Import Request.
  Time since last request: 0.014869 seconds.
  path: Assets/Prefabs/playerPoint.prefab
  artifactKey: Guid(f000d7a3b6b69a6489331041ce635c65) Importer(815301076,1909f56bfc062723c751e8b465ee728b)
Start importing Assets/Prefabs/playerPoint.prefab using Guid(f000d7a3b6b69a6489331041ce635c65) Importer(815301076,1909f56bfc062723c751e8b465ee728b)  -> (artifact id: 'b0a2c746622606a4994e1e7d0c80fc15') in 0.017823 seconds
  Import took 0.020611 seconds .

========================================================================
Received Prepare
Refreshing native plugins compatible for Editor in 2.30 ms, found 1 plugins.
Preloading 0 native plugins for Editor in 0.00 ms.
Unloading 5 Unused Serialized files (Serialized files now loaded: 0)
System memory in use before: 62.6 MB.
System memory in use after: 62.8 MB.

Unloading 5 unused Assets to reduce memory usage. Loaded Objects now: 2412.
Total: 5.333400 ms (FindLiveObjects: 0.400600 ms CreateObjectMapping: 0.216300 ms MarkObjects: 4.685200 ms  DeleteObjects: 0.028800 ms)

========================================================================
Received Prepare
Registering precompiled user dll's ...
Registered in 0.001268 seconds.
Begin MonoManager ReloadAssembly
Native extension for WindowsStandalone target not found
Refreshing native plugins compatible for Editor in 0.35 ms, found 1 plugins.
Preloading 0 native plugins for Editor in 0.00 ms.
Invoked RoslynAnalysisRunner static constructor.
RoslynAnalysisRunner will not be running.
RoslynAnalysisRunner has terminated.
Mono: successfully reloaded assembly
- Completed reload, in  0.877 seconds
Platform modules already initialized, skipping
Refreshing native plugins compatible for Editor in 0.33 ms, found 1 plugins.
Preloading 0 native plugins for Editor in 0.00 ms.
Unloading 1897 Unused Serialized files (Serialized files now loaded: 0)
System memory in use before: 100.1 MB.
System memory in use after: 100.2 MB.

Unloading 7 unused Assets to reduce memory usage. Loaded Objects now: 2415.
Total: 2.089700 ms (FindLiveObjects: 0.409900 ms CreateObjectMapping: 0.119500 ms MarkObjects: 1.547200 ms  DeleteObjects: 0.012200 ms)

========================================================================
Received Prepare
Registering precompiled user dll's ...
Registered in 0.001225 seconds.
Begin MonoManager ReloadAssembly
Native extension for WindowsStandalone target not found
Refreshing native plugins compatible for Editor in 0.33 ms, found 1 plugins.
Preloading 0 native plugins for Editor in 0.00 ms.
Invoked RoslynAnalysisRunner static constructor.
RoslynAnalysisRunner will not be running.
RoslynAnalysisRunner has terminated.
Mono: successfully reloaded assembly
- Completed reload, in  0.887 seconds
Platform modules already initialized, skipping
Refreshing native plugins compatible for Editor in 0.33 ms, found 1 plugins.
Preloading 0 native plugins for Editor in 0.00 ms.
Unloading 1897 Unused Serialized files (Serialized files now loaded: 0)
System memory in use before: 100.1 MB.
System memory in use after: 100.2 MB.

Unloading 7 unused Assets to reduce memory usage. Loaded Objects now: 2418.
Total: 1.675800 ms (FindLiveObjects: 0.179400 ms CreateObjectMapping: 0.082800 ms MarkObjects: 1.400800 ms  DeleteObjects: 0.012000 ms)

========================================================================
Received Prepare
Registering precompiled user dll's ...
Registered in 0.001198 seconds.
Begin MonoManager ReloadAssembly
Native extension for WindowsStandalone target not found
Refreshing native plugins compatible for Editor in 0.33 ms, found 1 plugins.
Preloading 0 native plugins for Editor in 0.00 ms.
Invoked RoslynAnalysisRunner static constructor.
RoslynAnalysisRunner will not be running.
RoslynAnalysisRunner has terminated.
Mono: successfully reloaded assembly
- Completed reload, in  0.882 seconds
Platform modules already initialized, skipping
Refreshing native plugins compatible for Editor in 0.36 ms, found 1 plugins.
Preloading 0 native plugins for Editor in 0.00 ms.
Unloading 1897 Unused Serialized files (Serialized files now loaded: 0)
System memory in use before: 100.1 MB.
System memory in use after: 100.3 MB.

Unloading 7 unused Assets to reduce memory usage. Loaded Objects now: 2421.
Total: 2.482400 ms (FindLiveObjects: 0.305700 ms CreateObjectMapping: 0.151100 ms MarkObjects: 2.009000 ms  DeleteObjects: 0.015100 ms)

========================================================================
Received Prepare
Registering precompiled user dll's ...
Registered in 0.001402 seconds.
Begin MonoManager ReloadAssembly
Native extension for WindowsStandalone target not found
Refreshing native plugins compatible for Editor in 0.38 ms, found 1 plugins.
Preloading 0 native plugins for Editor in 0.00 ms.
Invoked RoslynAnalysisRunner static constructor.
RoslynAnalysisRunner will not be running.
RoslynAnalysisRunner has terminated.
Mono: successfully reloaded assembly
- Completed reload, in  0.879 seconds
Platform modules already initialized, skipping
Refreshing native plugins compatible for Editor in 0.36 ms, found 1 plugins.
Preloading 0 native plugins for Editor in 0.00 ms.
Unloading 1897 Unused Serialized files (Serialized files now loaded: 0)
System memory in use before: 100.1 MB.
System memory in use after: 100.3 MB.

Unloading 7 unused Assets to reduce memory usage. Loaded Objects now: 2424.
Total: 1.746900 ms (FindLiveObjects: 0.216500 ms CreateObjectMapping: 0.080400 ms MarkObjects: 1.436500 ms  DeleteObjects: 0.012500 ms)

========================================================================
Received Prepare
Registering precompiled user dll's ...
Registered in 0.001248 seconds.
Begin MonoManager ReloadAssembly
Native extension for WindowsStandalone target not found
Refreshing native plugins compatible for Editor in 0.34 ms, found 1 plugins.
Preloading 0 native plugins for Editor in 0.00 ms.
Invoked RoslynAnalysisRunner static constructor.
RoslynAnalysisRunner will not be running.
RoslynAnalysisRunner has terminated.
Mono: successfully reloaded assembly
- Completed reload, in  0.852 seconds
Platform modules already initialized, skipping
Refreshing native plugins compatible for Editor in 0.34 ms, found 1 plugins.
Preloading 0 native plugins for Editor in 0.00 ms.
Unloading 1897 Unused Serialized files (Serialized files now loaded: 0)
System memory in use before: 100.2 MB.
System memory in use after: 100.3 MB.

Unloading 7 unused Assets to reduce memory usage. Loaded Objects now: 2427.
Total: 4.207800 ms (FindLiveObjects: 0.429900 ms CreateObjectMapping: 0.208200 ms MarkObjects: 3.536500 ms  DeleteObjects: 0.030800 ms)

========================================================================
Received Prepare
Registering precompiled user dll's ...
Registered in 0.001538 seconds.
Begin MonoManager ReloadAssembly
Native extension for WindowsStandalone target not found
Refreshing native plugins compatible for Editor in 0.33 ms, found 1 plugins.
Preloading 0 native plugins for Editor in 0.00 ms.
Invoked RoslynAnalysisRunner static constructor.
RoslynAnalysisRunner will not be running.
RoslynAnalysisRunner has terminated.
Mono: successfully reloaded assembly
- Completed reload, in  0.866 seconds
Platform modules already initialized, skipping
Refreshing native plugins compatible for Editor in 0.40 ms, found 1 plugins.
Preloading 0 native plugins for Editor in 0.00 ms.
Unloading 1897 Unused Serialized files (Serialized files now loaded: 0)
System memory in use before: 100.2 MB.
System memory in use after: 100.3 MB.

Unloading 7 unused Assets to reduce memory usage. Loaded Objects now: 2430.
Total: 1.692700 ms (FindLiveObjects: 0.169000 ms CreateObjectMapping: 0.061500 ms MarkObjects: 1.419700 ms  DeleteObjects: 0.041600 ms)

========================================================================
Received Prepare
Registering precompiled user dll's ...
Registered in 0.001238 seconds.
Begin MonoManager ReloadAssembly
Native extension for WindowsStandalone target not found
Refreshing native plugins compatible for Editor in 0.34 ms, found 1 plugins.
Preloading 0 native plugins for Editor in 0.00 ms.
Invoked RoslynAnalysisRunner static constructor.
RoslynAnalysisRunner will not be running.
RoslynAnalysisRunner has terminated.
Mono: successfully reloaded assembly
- Completed reload, in  0.880 seconds
Platform modules already initialized, skipping
Refreshing native plugins compatible for Editor in 0.36 ms, found 1 plugins.
Preloading 0 native plugins for Editor in 0.00 ms.
Unloading 1897 Unused Serialized files (Serialized files now loaded: 0)
System memory in use before: 100.2 MB.
System memory in use after: 100.3 MB.

Unloading 7 unused Assets to reduce memory usage. Loaded Objects now: 2433.
Total: 2.550800 ms (FindLiveObjects: 0.496600 ms CreateObjectMapping: 0.085100 ms MarkObjects: 1.954100 ms  DeleteObjects: 0.013700 ms)

========================================================================
Received Prepare
Registering precompiled user dll's ...
Registered in 0.001455 seconds.
Begin MonoManager ReloadAssembly
Native extension for WindowsStandalone target not found
Refreshing native plugins compatible for Editor in 0.53 ms, found 1 plugins.
Preloading 0 native plugins for Editor in 0.00 ms.
Invoked RoslynAnalysisRunner static constructor.
RoslynAnalysisRunner will not be running.
RoslynAnalysisRunner has terminated.
Mono: successfully reloaded assembly
- Completed reload, in  0.918 seconds
Platform modules already initialized, skipping
Refreshing native plugins compatible for Editor in 0.41 ms, found 1 plugins.
Preloading 0 native plugins for Editor in 0.00 ms.
Unloading 1893 Unused Serialized files (Serialized files now loaded: 0)
System memory in use before: 100.1 MB.
System memory in use after: 100.2 MB.

Unloading 7 unused Assets to reduce memory usage. Loaded Objects now: 2432.
Total: 2.533200 ms (FindLiveObjects: 0.274000 ms CreateObjectMapping: 0.108300 ms MarkObjects: 2.132100 ms  DeleteObjects: 0.017100 ms)

========================================================================
Received Prepare
Registering precompiled user dll's ...
Registered in 0.001859 seconds.
Begin MonoManager ReloadAssembly
Native extension for WindowsStandalone target not found
Refreshing native plugins compatible for Editor in 0.38 ms, found 1 plugins.
Preloading 0 native plugins for Editor in 0.00 ms.
Invoked RoslynAnalysisRunner static constructor.
RoslynAnalysisRunner will not be running.
RoslynAnalysisRunner has terminated.
Mono: successfully reloaded assembly
- Completed reload, in  0.992 seconds
Platform modules already initialized, skipping
Refreshing native plugins compatible for Editor in 0.37 ms, found 1 plugins.
Preloading 0 native plugins for Editor in 0.00 ms.
Unloading 1893 Unused Serialized files (Serialized files now loaded: 0)
System memory in use before: 100.1 MB.
System memory in use after: 100.2 MB.

Unloading 7 unused Assets to reduce memory usage. Loaded Objects now: 2435.
Total: 2.307400 ms (FindLiveObjects: 0.204500 ms CreateObjectMapping: 0.086200 ms MarkObjects: 1.998100 ms  DeleteObjects: 0.016900 ms)

========================================================================
Received Prepare
Registering precompiled user dll's ...
Registered in 0.001474 seconds.
Begin MonoManager ReloadAssembly
Native extension for WindowsStandalone target not found
Refreshing native plugins compatible for Editor in 0.34 ms, found 1 plugins.
Preloading 0 native plugins for Editor in 0.00 ms.
Invoked RoslynAnalysisRunner static constructor.
RoslynAnalysisRunner will not be running.
RoslynAnalysisRunner has terminated.
Mono: successfully reloaded assembly
- Completed reload, in  1.078 seconds
Platform modules already initialized, skipping
Refreshing native plugins compatible for Editor in 0.39 ms, found 1 plugins.
Preloading 0 native plugins for Editor in 0.00 ms.
Unloading 1893 Unused Serialized files (Serialized files now loaded: 0)
System memory in use before: 100.1 MB.
System memory in use after: 100.2 MB.

Unloading 7 unused Assets to reduce memory usage. Loaded Objects now: 2438.
Total: 2.832700 ms (FindLiveObjects: 0.342800 ms CreateObjectMapping: 0.170500 ms MarkObjects: 2.299000 ms  DeleteObjects: 0.019100 ms)

AssetImportWorkerClient::OnTransportError - code=2 error=End of file
