  Source.cpp
C:\Users\pasha\source\repos\arrays\arrays\points2d.h(283,1): warning C4018: '<': signed/unsigned mismatch
C:\Users\pasha\source\repos\arrays\arrays\points2d.h(281): message : while compiling class template member function 'std::ostream &teaching_project::operator <<(std::ostream &,const teaching_project::Points2D<double> &)'
C:\Users\pasha\source\repos\arrays\arrays\Source.cpp(54): message : see reference to function template instantiation 'std::ostream &teaching_project::operator <<(std::ostream &,const teaching_project::Points2D<double> &)' being compiled
C:\Users\pasha\source\repos\arrays\arrays\Source.cpp(51): message : see reference to class template instantiation 'teaching_project::Points2D<double>' being compiled
C:\Users\pasha\source\repos\arrays\arrays\points2d.h(257,2): warning C4018: '<': signed/unsigned mismatch
C:\Users\pasha\source\repos\arrays\arrays\points2d.h(242): message : while compiling class template member function 'teaching_project::Points2D<double> teaching_project::operator +(const teaching_project::Points2D<double> &,const teaching_project::Points2D<double> &)'
C:\Users\pasha\source\repos\arrays\arrays\Source.cpp(59): message : see reference to function template instantiation 'teaching_project::Points2D<double> teaching_project::operator +(const teaching_project::Points2D<double> &,const teaching_project::Points2D<double> &)' being compiled
C:\Users\pasha\source\repos\arrays\arrays\points2d.h(264,2): warning C4018: '<': signed/unsigned mismatch
C:\Users\pasha\source\repos\arrays\arrays\points2d.h(128,2): warning C4018: '<': signed/unsigned mismatch
C:\Users\pasha\source\repos\arrays\arrays\points2d.h(113): message : while compiling class template member function 'teaching_project::Points2D<int> &teaching_project::Points2D<int>::operator =(teaching_project::Points2D<int> &&)'
C:\Users\pasha\source\repos\arrays\arrays\Source.cpp(45): message : see reference to function template instantiation 'teaching_project::Points2D<int> &teaching_project::Points2D<int>::operator =(teaching_project::Points2D<int> &&)' being compiled
C:\Users\pasha\source\repos\arrays\arrays\points2d.h(145,2): warning C4018: '<': signed/unsigned mismatch
C:\Users\pasha\source\repos\arrays\arrays\points2d.h(86,2): warning C4018: '<': signed/unsigned mismatch
C:\Users\pasha\source\repos\arrays\arrays\points2d.h(70): message : while compiling class template member function 'teaching_project::Points2D<int>::Points2D(teaching_project::Points2D<int> &&)'
C:\Users\pasha\source\repos\arrays\arrays\Source.cpp(40): message : see reference to function template instantiation 'teaching_project::Points2D<int>::Points2D(teaching_project::Points2D<int> &&)' being compiled
C:\Users\pasha\source\repos\arrays\arrays\points2d.h(103,2): warning C4018: '<': signed/unsigned mismatch
C:\Users\pasha\source\repos\arrays\arrays\points2d.h(47,2): warning C4018: '<': signed/unsigned mismatch
C:\Users\pasha\source\repos\arrays\arrays\points2d.h(34): message : while compiling class template member function 'teaching_project::Points2D<int>::Points2D(const teaching_project::Points2D<int> &)'
C:\Users\pasha\source\repos\arrays\arrays\Source.cpp(33): message : see reference to function template instantiation 'teaching_project::Points2D<int>::Points2D(const teaching_project::Points2D<int> &)' being compiled
  Generating code
  24 of 156 functions (15.4%) were compiled, the rest were copied from previous compilation.
    0 functions were new in current compilation
    1 functions had inline decision re-evaluated but remain unchanged
  Finished generating code
  arrays.vcxproj -> C:\Users\pasha\source\repos\arrays\Release\arrays.exe
